[0/2] Re-checking globbed directories...
[1/1159] Generating dxc/include/dx/linalg.h
[2/1159] Building C object external/lz4/build/cmake/CMakeFiles/lz4_static.dir/Debug/__/__/lib/lz4file.c.o
[3/1159] Building C object external/miniz/CMakeFiles/miniz.dir/Debug/miniz_tinfl.c.o
[4/1159] Building C object external/miniz/CMakeFiles/miniz.dir/Debug/miniz.c.o
[5/1159] Building C object external/cmark/src/CMakeFiles/libcmark-gfm.dir/Debug/arena.c.o
[6/1159] Building C object external/lz4/build/cmake/CMakeFiles/lz4_static.dir/Debug/__/__/lib/xxhash.c.o
[7/1159] Building C object external/lz4/build/cmake/CMakeFiles/lz4_static.dir/Debug/__/__/lib/lz4frame.c.o
[8/1159] Building C object external/miniz/CMakeFiles/miniz.dir/Debug/miniz_tdef.c.o
[9/1159] Building C object external/cmark/src/CMakeFiles/libcmark-gfm.dir/Debug/buffer.c.o
[10/1159] Building C object external/cmark/src/CMakeFiles/libcmark-gfm.dir/Debug/cmark.c.o
[11/1159] Building C object external/cmark/src/CMakeFiles/libcmark-gfm.dir/Debug/cmark_ctype.c.o
[12/1159] Building C object external/cmark/src/CMakeFiles/libcmark-gfm.dir/Debug/houdini_href_e.c.o
[13/1159] Building C object external/cmark/src/CMakeFiles/libcmark-gfm.dir/Debug/footnotes.c.o
[14/1159] Generating Debug/lib/libslang-llvm.so
[15/1159] Building C object external/miniz/CMakeFiles/miniz.dir/Debug/miniz_zip.c.o
[16/1159] Building C object external/cmark/src/CMakeFiles/libcmark-gfm.dir/Debug/houdini_html_e.c.o
[17/1159] Building C object external/cmark/src/CMakeFiles/libcmark-gfm.dir/Debug/commonmark.c.o
[18/1159] Building C object external/cmark/src/CMakeFiles/libcmark-gfm.dir/Debug/latex.c.o
[19/1159] Building C object external/cmark/src/CMakeFiles/libcmark-gfm.dir/Debug/blocks.c.o
[20/1159] Building C object external/cmark/src/CMakeFiles/libcmark-gfm.dir/Debug/linked_list.c.o
[21/1159] Building C object external/cmark/src/CMakeFiles/libcmark-gfm.dir/Debug/html.c.o
[22/1159] Linking C static library external/miniz/Debug/libminiz.a
[23/1159] Building C object external/lz4/build/cmake/CMakeFiles/lz4_static.dir/Debug/__/__/lib/lz4hc.c.o
[24/1159] Building C object external/cmark/src/CMakeFiles/libcmark-gfm.dir/Debug/houdini_html_u.c.o
[25/1159] Building C object external/cmark/src/CMakeFiles/libcmark-gfm.dir/Debug/iterator.c.o
[26/1159] Building C object external/cmark/src/CMakeFiles/libcmark-gfm.dir/Debug/map.c.o
[27/1159] Building C object external/cmark/src/CMakeFiles/libcmark-gfm.dir/Debug/man.c.o
[28/1159] Building C object external/cmark/src/CMakeFiles/libcmark-gfm.dir/Debug/plugin.c.o
[29/1159] Building C object external/cmark/src/CMakeFiles/libcmark-gfm.dir/Debug/references.c.o
[30/1159] Building C object external/cmark/src/CMakeFiles/libcmark-gfm.dir/Debug/plaintext.c.o
[31/1159] Building C object external/cmark/src/CMakeFiles/libcmark-gfm.dir/Debug/inlines.c.o
[32/1159] Building C object external/cmark/src/CMakeFiles/libcmark-gfm.dir/Debug/node.c.o
[33/1159] Generate language specific header for DebugInfo.
[34/1159] Building C object external/cmark/src/CMakeFiles/libcmark-gfm.dir/Debug/registry.c.o
[35/1159] Generate language specific header for OpenCLDebugInfo100.
[36/1159] Building C object external/cmark/src/CMakeFiles/libcmark-gfm.dir/Debug/syntax_extension.c.o
[37/1159] Building C object external/cmark/src/CMakeFiles/libcmark-gfm.dir/Debug/render.c.o
[38/1159] Building C object external/cmark/src/CMakeFiles/libcmark-gfm.dir/Debug/xml.c.o
[39/1159] Generating slang-rhi-resources resource loader
[40/1159] Copying optix_device_impl.h
[41/1159] Generating intermediate file for /workspace/agent/wt-slang-9999/external/slang-rhi/src/cuda/kernels/clear-texture.cu
[42/1159] Generating intermediate file for /workspace/agent/wt-slang-9999/external/slang-rhi/src/metal/shaders/clear-texture.metal
[43/1159] Copying optix_device.h
[44/1159] Copying optix_device_impl_transformations.h
[45/1159] Copying optix.h
[46/1159] Copying optix_types.h
[47/1159] Copying optix_device_impl.h
[48/1159] Building CXX object external/slang-rhi/CMakeFiles/slang-rhi-resources.dir/Debug/__cmrc_slang-rhi-resources/intermediate/src/cuda/kernels/clear-texture.cu.cpp.o
[49/1159] Copying optix_device_impl_transformations.h
[50/1159] Copying optix_device.h
[51/1159] Copying optix_types.h
[52/1159] Copying optix.h
[53/1159] Copying optix_device_impl_transformations.h
[54/1159] Copying optix_device_impl.h
[55/1159] Building CXX object external/slang-rhi/CMakeFiles/slang-rhi-resources.dir/Debug/__cmrc_slang-rhi-resources/intermediate/src/metal/shaders/clear-texture.metal.cpp.o
[56/1159] Copying optix.h
[57/1159] Building C object external/cmark/src/CMakeFiles/libcmark-gfm.dir/Debug/utf8.c.o
[58/1159] Copying optix_device.h
[59/1159] Generate grammar tables
[60/1159] Copying optix_types.h
[61/1159] Generate tables based on the SPIR-V XML registry.
[62/1159] Update build-version.inc in the SPIRV-Tools build directory (if necessary).
[63/1159] Building CXX object external/spirv-tools/source/CMakeFiles/SPIRV-Tools-static.dir/Debug/util/bit_vector.cpp.o
[64/1159] Building C object external/lz4/build/cmake/CMakeFiles/lz4_static.dir/Debug/__/__/lib/lz4.c.o
[65/1159] Building C object external/cmark/src/CMakeFiles/libcmark-gfm.dir/Debug/scanners.c.o
[66/1159] Linking C static library external/cmark/src/Debug/libcmark-gfm.a
[67/1159] Linking C static library external/lz4/build/cmake/Debug/liblz4.a
[68/1159] Building CXX object external/slang-rhi/CMakeFiles/slang-rhi-resources.dir/Debug/__cmrc_slang-rhi-resources/lib.cpp.o
[69/1159] Building CXX object source/slang-rt/CMakeFiles/slang-rt.dir/Debug/__/core/slang-archive-file-system.cpp.o
[70/1159] Building CXX object source/slang-rt/CMakeFiles/slang-rt.dir/Debug/__/core/slang-blob-builder.cpp.o
[71/1159] Building CXX object external/spirv-tools/source/CMakeFiles/SPIRV-Tools-static.dir/Debug/assembly_grammar.cpp.o
[72/1159] Building CXX object external/spirv-tools/source/CMakeFiles/SPIRV-Tools-static.dir/Debug/util/string_utils.cpp.o
[73/1159] Building CXX object external/spirv-tools/source/CMakeFiles/SPIRV-Tools-static.dir/Debug/diagnostic.cpp.o
[74/1159] Building CXX object source/slang-rt/CMakeFiles/slang-rt.dir/Debug/slang-rt.cpp.o
[75/1159] Building CXX object external/slang-rhi/CMakeFiles/slang-rhi-vma.dir/Debug/external/vma/vk_mem_alloc.cpp.o
[76/1159] Building CXX object external/spirv-tools/source/CMakeFiles/SPIRV-Tools-static.dir/Debug/util/parse_number.cpp.o
[77/1159] Building CXX object external/spirv-tools/source/CMakeFiles/SPIRV-Tools-static.dir/Debug/extensions.cpp.o
[78/1159] Building CXX object external/spirv-tools/source/CMakeFiles/SPIRV-Tools-static.dir/Debug/ext_inst.cpp.o
[79/1159] Building CXX object external/spirv-tools/source/CMakeFiles/SPIRV-Tools-static.dir/Debug/opcode.cpp.o
[80/1159] Building CXX object external/spirv-tools/source/CMakeFiles/SPIRV-Tools-static.dir/Debug/software_version.cpp.o
[81/1159] Building CXX object external/spirv-tools/source/CMakeFiles/SPIRV-Tools-static.dir/Debug/spirv_endian.cpp.o
[82/1159] Building CXX object external/spirv-tools/source/CMakeFiles/SPIRV-Tools-static.dir/Debug/libspirv.cpp.o
[83/1159] Building CXX object external/spirv-tools/source/CMakeFiles/SPIRV-Tools-static.dir/Debug/print.cpp.o
[84/1159] Building CXX object external/spirv-tools/source/CMakeFiles/SPIRV-Tools-static.dir/Debug/spirv_optimizer_options.cpp.o
[85/1159] Building CXX object external/spirv-tools/source/CMakeFiles/SPIRV-Tools-static.dir/Debug/name_mapper.cpp.o
[86/1159] Building CXX object external/spirv-tools/source/CMakeFiles/SPIRV-Tools-static.dir/Debug/binary.cpp.o
[87/1159] Building CXX object external/spirv-tools/source/CMakeFiles/SPIRV-Tools-static.dir/Debug/spirv_validator_options.cpp.o
[88/1159] Building CXX object external/spirv-tools/source/CMakeFiles/SPIRV-Tools-static.dir/Debug/parsed_operand.cpp.o
[89/1159] Building CXX object external/spirv-tools/source/CMakeFiles/SPIRV-Tools-static.dir/Debug/spirv_fuzzer_options.cpp.o
[90/1159] Building CXX object external/spirv-tools/source/CMakeFiles/SPIRV-Tools-static.dir/Debug/operand.cpp.o
[91/1159] Building CXX object external/spirv-tools/source/CMakeFiles/SPIRV-Tools-static.dir/Debug/spirv_reducer_options.cpp.o
[92/1159] Building CXX object external/spirv-tools/source/CMakeFiles/SPIRV-Tools-static.dir/Debug/spirv_target_env.cpp.o
[93/1159] Building CXX object external/spirv-tools/source/CMakeFiles/SPIRV-Tools-static.dir/Debug/disassemble.cpp.o
[94/1159] Building CXX object external/spirv-tools/source/CMakeFiles/SPIRV-Tools-static.dir/Debug/to_string.cpp.o
[95/1159] Building CXX object external/spirv-tools/source/CMakeFiles/SPIRV-Tools-static.dir/Debug/table.cpp.o
[96/1159] Building CXX object external/spirv-tools/source/CMakeFiles/SPIRV-Tools-static.dir/Debug/table2.cpp.o
[97/1159] Building CXX object source/core/CMakeFiles/core.dir/Debug/cmake_pch.hxx.gch
[98/1159] Building CXX object external/spirv-tools/source/CMakeFiles/SPIRV-Tools-static.dir/Debug/text_handler.cpp.o
[99/1159] Building CXX object external/spirv-tools/source/CMakeFiles/SPIRV-Tools-static.dir/Debug/text.cpp.o
[100/1159] Building CXX object external/spirv-tools/source/CMakeFiles/SPIRV-Tools-static.dir/Debug/val/validate_adjacency.cpp.o
[101/1159] Building CXX object external/spirv-tools/source/CMakeFiles/SPIRV-Tools-static.dir/Debug/val/validate_annotation.cpp.o
[102/1159] Building CXX object external/spirv-tools/source/CMakeFiles/SPIRV-Tools-static.dir/Debug/val/validate_arithmetics.cpp.o
[103/1159] Building CXX object external/spirv-tools/source/CMakeFiles/SPIRV-Tools-static.dir/Debug/val/validate_atomics.cpp.o
[104/1159] Building CXX object external/spirv-tools/source/CMakeFiles/SPIRV-Tools-static.dir/Debug/val/validate.cpp.o
[105/1159] Building CXX object external/spirv-tools/source/CMakeFiles/SPIRV-Tools-static.dir/Debug/val/validate_barriers.cpp.o
[106/1159] Building CXX object external/spirv-tools/source/CMakeFiles/SPIRV-Tools-static.dir/Debug/val/validate_bitwise.cpp.o
[107/1159] Building CXX object external/spirv-tools/source/CMakeFiles/SPIRV-Tools-static.dir/Debug/val/validate_capability.cpp.o
[108/1159] Building CXX object external/spirv-tools/source/CMakeFiles/SPIRV-Tools-static.dir/Debug/val/validate_composites.cpp.o
[109/1159] Building CXX object external/spirv-tools/source/CMakeFiles/SPIRV-Tools-static.dir/Debug/val/validate_debug.cpp.o
[110/1159] Building CXX object external/spirv-tools/source/CMakeFiles/SPIRV-Tools-static.dir/Debug/val/validate_conversion.cpp.o
[111/1159] Building CXX object external/spirv-tools/source/CMakeFiles/SPIRV-Tools-static.dir/Debug/val/validate_constants.cpp.o
[112/1159] Building CXX object external/spirv-tools/source/CMakeFiles/SPIRV-Tools-static.dir/Debug/val/validate_dot_product.cpp.o
[113/1159] Building CXX object external/spirv-tools/source/CMakeFiles/SPIRV-Tools-static.dir/Debug/val/validate_derivatives.cpp.o
[114/1159] Building CXX object external/spirv-tools/source/CMakeFiles/SPIRV-Tools-static.dir/Debug/val/validate_cfg.cpp.o
[115/1159] Building CXX object external/spirv-tools/source/CMakeFiles/SPIRV-Tools-static.dir/Debug/val/validate_execution_limitations.cpp.o
[116/1159] Building CXX object external/spirv-tools/source/CMakeFiles/SPIRV-Tools-static.dir/Debug/val/validate_builtins.cpp.o
[117/1159] Building CXX object external/spirv-tools/source/CMakeFiles/SPIRV-Tools-static.dir/Debug/val/validate_graph.cpp.o
[118/1159] Building CXX object external/spirv-tools/source/CMakeFiles/SPIRV-Tools-static.dir/Debug/val/validate_group.cpp.o
[119/1159] Building CXX object external/spirv-tools/source/CMakeFiles/SPIRV-Tools-static.dir/Debug/val/validate_function.cpp.o
[120/1159] Building CXX object external/spirv-tools/source/CMakeFiles/SPIRV-Tools-static.dir/Debug/val/validate_extensions.cpp.o
[121/1159] Building CXX object external/spirv-tools/source/CMakeFiles/SPIRV-Tools-static.dir/Debug/val/validate_decorations.cpp.o
[122/1159] Building CXX object external/spirv-tools/source/CMakeFiles/SPIRV-Tools-static.dir/Debug/val/validate_id.cpp.o
[123/1159] Building CXX object external/spirv-tools/source/CMakeFiles/SPIRV-Tools-static.dir/Debug/val/validate_layout.cpp.o
[124/1159] Building CXX object external/spirv-tools/source/CMakeFiles/SPIRV-Tools-static.dir/Debug/val/validate_image.cpp.o
[125/1159] Building CXX object external/spirv-tools/source/CMakeFiles/SPIRV-Tools-static.dir/Debug/val/validate_literals.cpp.o
[126/1159] Building CXX object external/spirv-tools/source/CMakeFiles/SPIRV-Tools-static.dir/Debug/val/validate_logicals.cpp.o
[127/1159] Building CXX object external/spirv-tools/source/CMakeFiles/SPIRV-Tools-static.dir/Debug/val/validate_instruction.cpp.o
[128/1159] Building CXX object external/spirv-tools/source/CMakeFiles/SPIRV-Tools-static.dir/Debug/val/validate_logical_pointers.cpp.o
[129/1159] Building CXX object external/spirv-tools/source/CMakeFiles/SPIRV-Tools-static.dir/Debug/val/validate_interfaces.cpp.o
[130/1159] Building CXX object external/spirv-tools/source/CMakeFiles/SPIRV-Tools-static.dir/Debug/val/validate_memory_semantics.cpp.o
[131/1159] Building CXX object external/spirv-tools/source/CMakeFiles/SPIRV-Tools-static.dir/Debug/val/validate_misc.cpp.o
[132/1159] Building CXX object external/spirv-tools/source/CMakeFiles/SPIRV-Tools-static.dir/Debug/val/validate_mesh_shading.cpp.o
[133/1159] Building CXX object external/spirv-tools/source/CMakeFiles/SPIRV-Tools-static.dir/Debug/val/validate_memory.cpp.o
[134/1159] Building CXX object external/spirv-tools/source/CMakeFiles/SPIRV-Tools-static.dir/Debug/val/validate_non_uniform.cpp.o
[135/1159] Building CXX object external/spirv-tools/source/CMakeFiles/SPIRV-Tools-static.dir/Debug/val/validate_ray_query.cpp.o
[136/1159] Building CXX object external/spirv-tools/source/CMakeFiles/SPIRV-Tools-static.dir/Debug/val/validate_pipe.cpp.o
[137/1159] Building CXX object external/spirv-tools/source/CMakeFiles/SPIRV-Tools-static.dir/Debug/val/validate_mode_setting.cpp.o
[138/1159] Building CXX object external/spirv-tools/source/CMakeFiles/SPIRV-Tools-static.dir/Debug/val/validate_ray_tracing.cpp.o
[139/1159] Building CXX object external/spirv-tools/source/CMakeFiles/SPIRV-Tools-static.dir/Debug/val/validate_primitives.cpp.o
[140/1159] Building CXX object external/spirv-tools/source/CMakeFiles/SPIRV-Tools-static.dir/Debug/val/validate_ray_tracing_reorder.cpp.o
[141/1159] Building CXX object external/spirv-tools/source/CMakeFiles/SPIRV-Tools-static.dir/Debug/val/basic_block.cpp.o
[142/1159] Building CXX object external/spirv-tools/source/CMakeFiles/SPIRV-Tools-static.dir/Debug/val/instruction.cpp.o
[143/1159] Building CXX object external/spirv-tools/source/CMakeFiles/SPIRV-Tools-static.dir/Debug/val/validate_small_type_uses.cpp.o
[144/1159] Building CXX object external/spirv-tools/source/CMakeFiles/SPIRV-Tools-static.dir/Debug/val/validate_type.cpp.o
[145/1159] Building CXX object external/spirv-tools/source/CMakeFiles/SPIRV-Tools-static.dir/Debug/val/validate_scopes.cpp.o
[146/1159] Building CXX object external/spirv-tools/source/CMakeFiles/SPIRV-Tools-static.dir/Debug/val/validate_tensor.cpp.o
[147/1159] Building CXX object external/spirv-tools/source/CMakeFiles/SPIRV-Tools-static.dir/Debug/val/validate_tensor_layout.cpp.o
[148/1159] Building CXX object external/spirv-tools/source/CMakeFiles/SPIRV-Tools-static.dir/Debug/val/validate_invalid_type.cpp.o
[149/1159] Building CXX object external/spirv-tools/source/CMakeFiles/SPIRV-Tools-static.dir/Debug/util/timer.cpp.o
[150/1159] Building CXX object external/spirv-tools/source/CMakeFiles/SPIRV-Tools-static.dir/Debug/val/construct.cpp.o
[151/1159] Building CXX object external/spirv-tools/source/CMakeFiles/SPIRV-Tools-static.dir/Debug/val/function.cpp.o
[152/1159] Building CXX object external/spirv-tools/source/opt/CMakeFiles/SPIRV-Tools-opt.dir/Debug/analyze_live_input_pass.cpp.o
[153/1159] Building CXX object external/spirv-tools/source/CMakeFiles/SPIRV-Tools-static.dir/Debug/val/validation_state.cpp.o
[154/1159] Building CXX object external/spirv-tools/source/opt/CMakeFiles/SPIRV-Tools-opt.dir/Debug/fix_func_call_arguments.cpp.o
[155/1159] Building CXX object external/spirv-tools/source/opt/CMakeFiles/SPIRV-Tools-opt.dir/Debug/block_merge_pass.cpp.o
[156/1159] Building CXX object external/spirv-tools/source/opt/CMakeFiles/SPIRV-Tools-opt.dir/Debug/basic_block.cpp.o
[157/1159] Building CXX object external/spirv-tools/source/opt/CMakeFiles/SPIRV-Tools-opt.dir/Debug/build_module.cpp.o
[158/1159] Building CXX object external/spirv-tools/source/opt/CMakeFiles/SPIRV-Tools-opt.dir/Debug/aggressive_dead_code_elim_pass.cpp.o
[159/1159] Building CXX object external/spirv-tools/source/opt/CMakeFiles/SPIRV-Tools-opt.dir/Debug/amd_ext_to_khr.cpp.o
[160/1159] Building CXX object external/spirv-tools/source/opt/CMakeFiles/SPIRV-Tools-opt.dir/Debug/block_merge_util.cpp.o
[161/1159] Linking CXX static library external/spirv-tools/source/Debug/libSPIRV-Tools.a
[162/1159] Building CXX object external/spirv-tools/source/opt/CMakeFiles/SPIRV-Tools-opt.dir/Debug/cfg_cleanup_pass.cpp.o
[163/1159] Building CXX object external/spirv-tools/source/opt/CMakeFiles/SPIRV-Tools-opt.dir/Debug/ccp_pass.cpp.o
[164/1159] Building CXX object external/spirv-tools/source/opt/CMakeFiles/SPIRV-Tools-opt.dir/Debug/combine_access_chains.cpp.o
[165/1159] Building CXX object external/spirv-tools/source/opt/CMakeFiles/SPIRV-Tools-opt.dir/Debug/code_sink.cpp.o
[166/1159] Building CXX object external/spirv-tools/source/opt/CMakeFiles/SPIRV-Tools-opt.dir/Debug/composite.cpp.o
[167/1159] Building CXX object external/spirv-tools/source/opt/CMakeFiles/SPIRV-Tools-opt.dir/Debug/compact_ids_pass.cpp.o
[168/1159] Building CXX object external/spirv-tools/source/opt/CMakeFiles/SPIRV-Tools-opt.dir/Debug/control_dependence.cpp.o
[169/1159] Building CXX object external/spirv-tools/source/opt/CMakeFiles/SPIRV-Tools-opt.dir/Debug/cfg.cpp.o
[170/1159] Building CXX object external/spirv-tools/source/opt/CMakeFiles/SPIRV-Tools-opt.dir/Debug/constants.cpp.o
[171/1159] Building CXX object external/spirv-tools/source/opt/CMakeFiles/SPIRV-Tools-opt.dir/Debug/const_folding_rules.cpp.o
[172/1159] Building CXX object external/spirv-tools/source/opt/CMakeFiles/SPIRV-Tools-opt.dir/Debug/dead_variable_elimination.cpp.o
[173/1159] Building CXX object external/spirv-tools/source/opt/CMakeFiles/SPIRV-Tools-opt.dir/Debug/convert_to_sampled_image_pass.cpp.o
[174/1159] Building CXX object external/spirv-tools/source/opt/CMakeFiles/SPIRV-Tools-opt.dir/Debug/dataflow.cpp.o
[175/1159] Building CXX object external/spirv-tools/source/opt/CMakeFiles/SPIRV-Tools-opt.dir/Debug/copy_prop_arrays.cpp.o
[176/1159] Building CXX object external/spirv-tools/source/opt/CMakeFiles/SPIRV-Tools-opt.dir/Debug/convert_to_half_pass.cpp.o
[177/1159] Building CXX object external/spirv-tools/source/opt/CMakeFiles/SPIRV-Tools-opt.dir/Debug/dead_insert_elim_pass.cpp.o
[178/1159] Building CXX object external/spirv-tools/source/opt/CMakeFiles/SPIRV-Tools-opt.dir/Debug/def_use_manager.cpp.o
[179/1159] Building CXX object external/spirv-tools/source/opt/CMakeFiles/SPIRV-Tools-opt.dir/Debug/decoration_manager.cpp.o
[180/1159] Building CXX object external/spirv-tools/source/opt/CMakeFiles/SPIRV-Tools-opt.dir/Debug/dead_branch_elim_pass.cpp.o
[181/1159] Building CXX object external/spirv-tools/source/opt/CMakeFiles/SPIRV-Tools-opt.dir/Debug/debug_info_manager.cpp.o
[182/1159] Building CXX object external/spirv-tools/source/opt/CMakeFiles/SPIRV-Tools-opt.dir/Debug/desc_sroa_util.cpp.o
[183/1159] Building CXX object external/spirv-tools/source/opt/CMakeFiles/SPIRV-Tools-opt.dir/Debug/desc_sroa.cpp.o
[184/1159] Building CXX object external/spirv-tools/source/opt/CMakeFiles/SPIRV-Tools-opt.dir/Debug/eliminate_dead_functions_util.cpp.o
[185/1159] Building CXX object external/spirv-tools/source/opt/CMakeFiles/SPIRV-Tools-opt.dir/Debug/dominator_analysis.cpp.o
[186/1159] Building CXX object external/spirv-tools/source/opt/CMakeFiles/SPIRV-Tools-opt.dir/Debug/eliminate_dead_constant_pass.cpp.o
[187/1159] Building CXX object external/spirv-tools/source/opt/CMakeFiles/SPIRV-Tools-opt.dir/Debug/eliminate_dead_functions_pass.cpp.o
[188/1159] Building CXX object external/spirv-tools/source/opt/CMakeFiles/SPIRV-Tools-opt.dir/Debug/feature_manager.cpp.o
[189/1159] Building CXX object external/spirv-tools/source/opt/CMakeFiles/SPIRV-Tools-opt.dir/Debug/dominator_tree.cpp.o
[190/1159] Building CXX object external/spirv-tools/source/opt/CMakeFiles/SPIRV-Tools-opt.dir/Debug/eliminate_dead_io_components_pass.cpp.o
[191/1159] Building CXX object external/spirv-tools/source/opt/CMakeFiles/SPIRV-Tools-opt.dir/Debug/eliminate_dead_members_pass.cpp.o
[192/1159] Building CXX object external/spirv-tools/source/opt/CMakeFiles/SPIRV-Tools-opt.dir/Debug/eliminate_dead_output_stores_pass.cpp.o
[193/1159] Building CXX object external/spirv-tools/source/opt/CMakeFiles/SPIRV-Tools-opt.dir/Debug/flatten_decoration_pass.cpp.o
[194/1159] Building CXX object external/spirv-tools/source/opt/CMakeFiles/SPIRV-Tools-opt.dir/Debug/graph.cpp.o
[195/1159] Building CXX object external/spirv-tools/source/opt/CMakeFiles/SPIRV-Tools-opt.dir/Debug/fix_storage_class.cpp.o
[196/1159] Building CXX object external/spirv-tools/source/opt/CMakeFiles/SPIRV-Tools-opt.dir/Debug/freeze_spec_constant_value_pass.cpp.o
[197/1159] Building CXX object external/spirv-tools/source/opt/CMakeFiles/SPIRV-Tools-opt.dir/Debug/fold.cpp.o
[198/1159] Building CXX object external/spirv-tools/source/opt/CMakeFiles/SPIRV-Tools-opt.dir/Debug/fold_spec_constant_op_and_composite_pass.cpp.o
[199/1159] Building CXX object external/spirv-tools/source/opt/CMakeFiles/SPIRV-Tools-opt.dir/Debug/function.cpp.o
[200/1159] Building CXX object external/spirv-tools/source/opt/CMakeFiles/SPIRV-Tools-opt.dir/Debug/instruction_list.cpp.o
[201/1159] Building CXX object external/spirv-tools/source/opt/CMakeFiles/SPIRV-Tools-opt.dir/Debug/graphics_robust_access_pass.cpp.o
[202/1159] Building CXX object external/spirv-tools/source/opt/CMakeFiles/SPIRV-Tools-opt.dir/Debug/folding_rules.cpp.o
[203/1159] Building CXX object external/spirv-tools/source/opt/CMakeFiles/SPIRV-Tools-opt.dir/Debug/if_conversion.cpp.o
[204/1159] Building CXX object external/spirv-tools/source/opt/CMakeFiles/SPIRV-Tools-opt.dir/Debug/inline_opaque_pass.cpp.o
[205/1159] Building CXX object external/spirv-tools/source/opt/CMakeFiles/SPIRV-Tools-opt.dir/Debug/inline_exhaustive_pass.cpp.o
[206/1159] Building CXX object external/spirv-tools/source/opt/CMakeFiles/SPIRV-Tools-opt.dir/Debug/instruction.cpp.o
[207/1159] Building CXX object external/spirv-tools/source/opt/CMakeFiles/SPIRV-Tools-opt.dir/Debug/inline_pass.cpp.o
[208/1159] Building CXX object external/spirv-tools/source/opt/CMakeFiles/SPIRV-Tools-opt.dir/Debug/interface_var_sroa.cpp.o
[209/1159] Building CXX object external/spirv-tools/source/opt/CMakeFiles/SPIRV-Tools-opt.dir/Debug/invocation_interlock_placement_pass.cpp.o
[210/1159] Building CXX object external/spirv-tools/source/opt/CMakeFiles/SPIRV-Tools-opt.dir/Debug/licm_pass.cpp.o
[211/1159] Building CXX object external/spirv-tools/source/opt/CMakeFiles/SPIRV-Tools-opt.dir/Debug/opextinst_forward_ref_fixup_pass.cpp.o
[212/1159] Building CXX object external/spirv-tools/source/opt/CMakeFiles/SPIRV-Tools-opt.dir/Debug/ir_loader.cpp.o
[213/1159] Building CXX object external/spirv-tools/source/opt/CMakeFiles/SPIRV-Tools-opt.dir/Debug/interp_fixup_pass.cpp.o
[214/1159] Building CXX object external/spirv-tools/source/opt/CMakeFiles/SPIRV-Tools-opt.dir/Debug/ir_context.cpp.o
[215/1159] Building CXX object external/spirv-tools/source/opt/CMakeFiles/SPIRV-Tools-opt.dir/Debug/legalize_multidim_array_pass.cpp.o
[216/1159] Building CXX object external/spirv-tools/source/opt/CMakeFiles/SPIRV-Tools-opt.dir/Debug/local_redundancy_elimination.cpp.o
[217/1159] Building CXX object external/spirv-tools/source/opt/CMakeFiles/SPIRV-Tools-opt.dir/Debug/liveness.cpp.o
[218/1159] Building CXX object external/spirv-tools/source/opt/CMakeFiles/SPIRV-Tools-opt.dir/Debug/local_access_chain_convert_pass.cpp.o
[219/1159] Building CXX object external/spirv-tools/source/opt/CMakeFiles/SPIRV-Tools-opt.dir/Debug/local_single_store_elim_pass.cpp.o
[220/1159] Building CXX object external/spirv-tools/source/opt/CMakeFiles/SPIRV-Tools-opt.dir/Debug/loop_dependence_helpers.cpp.o
[221/1159] Building CXX object external/spirv-tools/source/opt/CMakeFiles/SPIRV-Tools-opt.dir/Debug/local_single_block_elim_pass.cpp.o
[222/1159] Building CXX object external/spirv-tools/source/opt/CMakeFiles/SPIRV-Tools-opt.dir/Debug/loop_dependence.cpp.o
[223/1159] Building CXX object external/spirv-tools/source/opt/CMakeFiles/SPIRV-Tools-opt.dir/Debug/loop_fusion_pass.cpp.o
[224/1159] Building CXX object external/spirv-tools/source/opt/CMakeFiles/SPIRV-Tools-opt.dir/Debug/loop_descriptor.cpp.o
[225/1159] Building CXX object external/spirv-tools/source/opt/CMakeFiles/SPIRV-Tools-opt.dir/Debug/loop_fission.cpp.o
[226/1159] Building CXX object external/spirv-tools/source/opt/CMakeFiles/SPIRV-Tools-opt.dir/Debug/loop_fusion.cpp.o
[227/1159] Building CXX object external/spirv-tools/source/opt/CMakeFiles/SPIRV-Tools-opt.dir/Debug/loop_utils.cpp.o
[228/1159] Building CXX object external/spirv-tools/source/opt/CMakeFiles/SPIRV-Tools-opt.dir/Debug/loop_peeling.cpp.o
[229/1159] Building CXX object external/spirv-tools/source/opt/CMakeFiles/SPIRV-Tools-opt.dir/Debug/loop_unroller.cpp.o
[230/1159] Building CXX object external/spirv-tools/source/opt/CMakeFiles/SPIRV-Tools-opt.dir/Debug/loop_unswitch_pass.cpp.o
[231/1159] Building CXX object external/spirv-tools/source/opt/CMakeFiles/SPIRV-Tools-opt.dir/Debug/mem_pass.cpp.o
[232/1159] Building CXX object external/spirv-tools/source/opt/CMakeFiles/SPIRV-Tools-opt.dir/Debug/modify_maximal_reconvergence.cpp.o
[233/1159] Building CXX object external/spirv-tools/source/opt/CMakeFiles/SPIRV-Tools-opt.dir/Debug/module.cpp.o
[234/1159] Building CXX object external/spirv-tools/source/opt/CMakeFiles/SPIRV-Tools-opt.dir/Debug/pass_manager.cpp.o
[235/1159] Building CXX object external/spirv-tools/source/opt/CMakeFiles/SPIRV-Tools-opt.dir/Debug/merge_return_pass.cpp.o
[236/1159] Building CXX object external/spirv-tools/source/opt/CMakeFiles/SPIRV-Tools-opt.dir/Debug/pass.cpp.o
[237/1159] Building CXX object external/spirv-tools/source/opt/CMakeFiles/SPIRV-Tools-opt.dir/Debug/private_to_local_pass.cpp.o
[238/1159] Building CXX object external/spirv-tools/source/opt/CMakeFiles/SPIRV-Tools-opt.dir/Debug/reduce_load_size.cpp.o
[239/1159] Building CXX object external/spirv-tools/source/opt/CMakeFiles/SPIRV-Tools-opt.dir/Debug/redundancy_elimination.cpp.o
[240/1159] Building CXX object external/spirv-tools/source/opt/CMakeFiles/SPIRV-Tools-opt.dir/Debug/propagator.cpp.o
[241/1159] Building CXX object external/spirv-tools/source/opt/CMakeFiles/SPIRV-Tools-opt.dir/Debug/register_pressure.cpp.o
[242/1159] Building CXX object external/spirv-tools/source/opt/CMakeFiles/SPIRV-Tools-opt.dir/Debug/relax_float_ops_pass.cpp.o
[243/1159] Building CXX object external/spirv-tools/source/opt/CMakeFiles/SPIRV-Tools-opt.dir/Debug/remove_dontinline_pass.cpp.o
[244/1159] Building CXX object external/spirv-tools/source/opt/CMakeFiles/SPIRV-Tools-opt.dir/Debug/optimizer.cpp.o
[245/1159] Building CXX object external/spirv-tools/source/opt/CMakeFiles/SPIRV-Tools-opt.dir/Debug/canonicalize_ids_pass.cpp.o
[246/1159] Building CXX object external/spirv-tools/source/opt/CMakeFiles/SPIRV-Tools-opt.dir/Debug/remove_duplicates_pass.cpp.o
[247/1159] Building CXX object external/spirv-tools/source/opt/CMakeFiles/SPIRV-Tools-opt.dir/Debug/remove_unused_interface_variables_pass.cpp.o
[248/1159] Building CXX object external/spirv-tools/source/opt/CMakeFiles/SPIRV-Tools-opt.dir/Debug/scalar_analysis_simplification.cpp.o
[249/1159] Building CXX object external/spirv-tools/source/opt/CMakeFiles/SPIRV-Tools-opt.dir/Debug/replace_desc_array_access_using_var_index.cpp.o
[250/1159] Building CXX object external/spirv-tools/source/opt/CMakeFiles/SPIRV-Tools-opt.dir/Debug/replace_invalid_opc.cpp.o
[251/1159] Building CXX object external/spirv-tools/source/opt/CMakeFiles/SPIRV-Tools-opt.dir/Debug/resolve_binding_conflicts_pass.cpp.o
[252/1159] Building CXX object external/spirv-tools/source/opt/CMakeFiles/SPIRV-Tools-opt.dir/Debug/scalar_analysis.cpp.o
[253/1159] Building CXX object external/spirv-tools/source/opt/CMakeFiles/SPIRV-Tools-opt.dir/Debug/set_spec_constant_default_value_pass.cpp.o
[254/1159] Building CXX object external/spirv-tools/source/opt/CMakeFiles/SPIRV-Tools-opt.dir/Debug/simplification_pass.cpp.o
[255/1159] Building CXX object external/spirv-tools/source/opt/CMakeFiles/SPIRV-Tools-opt.dir/Debug/spread_volatile_semantics.cpp.o
[256/1159] Building CXX object external/spirv-tools/source/opt/CMakeFiles/SPIRV-Tools-opt.dir/Debug/scalar_replacement_pass.cpp.o
[257/1159] Building CXX object external/spirv-tools/source/opt/CMakeFiles/SPIRV-Tools-opt.dir/Debug/split_combined_image_sampler_pass.cpp.o
[258/1159] Building CXX object external/spirv-tools/source/opt/CMakeFiles/SPIRV-Tools-opt.dir/Debug/strength_reduction_pass.cpp.o
[259/1159] Building CXX object external/spirv-tools/source/opt/CMakeFiles/SPIRV-Tools-opt.dir/Debug/strip_debug_info_pass.cpp.o
[260/1159] Building CXX object external/spirv-tools/source/opt/CMakeFiles/SPIRV-Tools-opt.dir/Debug/ssa_rewrite_pass.cpp.o
[261/1159] Building CXX object external/spirv-tools/source/opt/CMakeFiles/SPIRV-Tools-opt.dir/Debug/strip_nonsemantic_info_pass.cpp.o
[262/1159] Building CXX object external/spirv-tools/source/opt/CMakeFiles/SPIRV-Tools-opt.dir/Debug/struct_cfg_analysis.cpp.o
[263/1159] Building CXX object external/spirv-tools/source/opt/CMakeFiles/SPIRV-Tools-opt.dir/Debug/struct_packing_pass.cpp.o
[264/1159] Building CXX object external/spirv-tools/source/opt/CMakeFiles/SPIRV-Tools-opt.dir/Debug/types.cpp.o
[265/1159] Building CXX object external/spirv-tools/source/opt/CMakeFiles/SPIRV-Tools-opt.dir/Debug/switch_descriptorset_pass.cpp.o
[266/1159] Building CXX object external/spirv-tools/source/opt/CMakeFiles/SPIRV-Tools-opt.dir/Debug/trim_capabilities_pass.cpp.o
[267/1159] Building CXX object external/spirv-tools/source/opt/CMakeFiles/SPIRV-Tools-opt.dir/Debug/unify_const_pass.cpp.o
[268/1159] Building CXX object external/glslang/SPIRV/CMakeFiles/SPIRV.dir/Debug/__/glslang/stub.cpp.o
[269/1159] Building CXX object external/spirv-tools/source/opt/CMakeFiles/SPIRV-Tools-opt.dir/Debug/type_manager.cpp.o
[270/1159] Building CXX object external/spirv-tools/source/opt/CMakeFiles/SPIRV-Tools-opt.dir/Debug/value_number_table.cpp.o
[271/1159] Building CXX object external/glslang/glslang/CMakeFiles/glslang.dir/Debug/GenericCodeGen/CodeGen.cpp.o
[272/1159] Building CXX object external/glslang/glslang/CMakeFiles/glslang.dir/Debug/OSDependent/Unix/ossource.cpp.o
[273/1159] Building CXX object external/glslang/glslang/CMakeFiles/glslang.dir/Debug/GenericCodeGen/Link.cpp.o
[274/1159] Building CXX object external/glslang/glslang/CMakeFiles/glslang.dir/Debug/CInterface/glslang_c_interface.cpp.o
[275/1159] Building CXX object external/spirv-tools/source/opt/CMakeFiles/SPIRV-Tools-opt.dir/Debug/workaround1209.cpp.o
[276/1159] Building CXX object external/spirv-tools/source/opt/CMakeFiles/SPIRV-Tools-opt.dir/Debug/upgrade_memory_model.cpp.o
[277/1159] Building CXX object external/spirv-tools/source/opt/CMakeFiles/SPIRV-Tools-opt.dir/Debug/vector_dce.cpp.o
[278/1159] Building CXX object external/spirv-tools/source/opt/CMakeFiles/SPIRV-Tools-opt.dir/Debug/wrap_opkill.cpp.o
[279/1159] Building CXX object external/glslang/glslang/CMakeFiles/glslang.dir/Debug/MachineIndependent/InfoSink.cpp.o
[280/1159] Building CXX object external/glslang/glslang/CMakeFiles/glslang.dir/Debug/MachineIndependent/attribute.cpp.o
[281/1159] Building CXX object external/glslang/glslang/CMakeFiles/glslang.dir/Debug/MachineIndependent/Constant.cpp.o
[282/1159] Building CXX object external/spirv-tools/source/link/CMakeFiles/SPIRV-Tools-link.dir/Debug/fnvar.cpp.o
[283/1159] Building CXX object external/glslang/glslang/CMakeFiles/glslang.dir/Debug/MachineIndependent/IntermTraverse.cpp.o
[284/1159] Building CXX object external/spirv-tools/source/link/CMakeFiles/SPIRV-Tools-link.dir/Debug/linker.cpp.o
[285/1159] Building CXX object external/glslang/glslang/CMakeFiles/glslang.dir/Debug/MachineIndependent/glslang_tab.cpp.o
[286/1159] Building CXX object external/glslang/glslang/CMakeFiles/glslang.dir/Debug/MachineIndependent/PoolAlloc.cpp.o
[287/1159] Building CXX object external/glslang/glslang/CMakeFiles/glslang.dir/Debug/MachineIndependent/Initialize.cpp.o
[288/1159] Building CXX object external/glslang/glslang/CMakeFiles/glslang.dir/Debug/MachineIndependent/RemoveTree.cpp.o
[289/1159] Building CXX object external/glslang/glslang/CMakeFiles/glslang.dir/Debug/MachineIndependent/iomapper.cpp.o
[290/1159] Building CXX object external/glslang/glslang/CMakeFiles/glslang.dir/Debug/MachineIndependent/Intermediate.cpp.o
[291/1159] Building CXX object external/glslang/glslang/CMakeFiles/glslang.dir/Debug/MachineIndependent/ParseContextBase.cpp.o
[292/1159] Building CXX object external/glslang/glslang/CMakeFiles/glslang.dir/Debug/MachineIndependent/Scan.cpp.o
[293/1159] Building CXX object external/glslang/glslang/CMakeFiles/glslang.dir/Debug/MachineIndependent/Versions.cpp.o
[294/1159] Building CXX object external/glslang/glslang/CMakeFiles/glslang.dir/Debug/MachineIndependent/SymbolTable.cpp.o
[295/1159] Building CXX object external/glslang/glslang/CMakeFiles/glslang.dir/Debug/MachineIndependent/SpirvIntrinsics.cpp.o
[296/1159] Building CXX object external/glslang/glslang/CMakeFiles/glslang.dir/Debug/MachineIndependent/ShaderLang.cpp.o
[297/1159] Building CXX object external/glslang/glslang/CMakeFiles/glslang.dir/Debug/MachineIndependent/intermOut.cpp.o
[298/1159] Linking CXX static library external/spirv-tools/source/opt/Debug/libSPIRV-Tools-opt.a
[299/1159] Building CXX object external/glslang/glslang/CMakeFiles/glslang.dir/Debug/MachineIndependent/limits.cpp.o
[300/1159] Linking CXX static library external/glslang/SPIRV/Debug/libSPIRV.a
[301/1159] Linking CXX static library external/spirv-tools/source/link/Debug/libSPIRV-Tools-link.a
[302/1159] Building CXX object external/glslang/glslang/CMakeFiles/glslang.dir/Debug/MachineIndependent/ParseHelper.cpp.o
[303/1159] Building CXX object external/glslang/glslang/CMakeFiles/glslang.dir/Debug/MachineIndependent/parseConst.cpp.o
[304/1159] Building CXX object external/glslang/glslang/CMakeFiles/glslang.dir/Debug/MachineIndependent/reflection.cpp.o
[305/1159] Building CXX object external/glslang/glslang/CMakeFiles/glslang.dir/Debug/MachineIndependent/preprocessor/PpAtom.cpp.o
[306/1159] Building CXX object external/glslang/glslang/CMakeFiles/glslang.dir/Debug/MachineIndependent/preprocessor/PpContext.cpp.o
[307/1159] Building CXX object external/glslang/glslang/CMakeFiles/glslang.dir/Debug/MachineIndependent/preprocessor/Pp.cpp.o
[308/1159] Building CXX object external/glslang/glslang/CMakeFiles/glslang.dir/Debug/HLSL/hlslAttributes.cpp.o
[309/1159] Building CXX object external/glslang/glslang/CMakeFiles/glslang.dir/Debug/MachineIndependent/propagateNoContraction.cpp.o
[310/1159] Building CXX object external/glslang/glslang/CMakeFiles/glslang.dir/Debug/MachineIndependent/preprocessor/PpTokens.cpp.o
[311/1159] Building CXX object external/glslang/glslang/CMakeFiles/glslang.dir/Debug/MachineIndependent/linkValidate.cpp.o
[312/1159] Building CXX object external/glslang/glslang/CMakeFiles/glslang.dir/Debug/MachineIndependent/preprocessor/PpScanner.cpp.o
[313/1159] Building CXX object external/glslang/glslang/CMakeFiles/glslang.dir/Debug/__/SPIRV/Logger.cpp.o
[314/1159] Building CXX object external/glslang/glslang/CMakeFiles/glslang.dir/Debug/HLSL/hlslOpMap.cpp.o
[315/1159] Building CXX object external/glslang/glslang/CMakeFiles/glslang.dir/Debug/__/SPIRV/InReadableOrder.cpp.o
[316/1159] Building CXX object external/glslang/glslang/CMakeFiles/glslang.dir/Debug/HLSL/hlslTokenStream.cpp.o
[317/1159] Building CXX object external/glslang/glslang/CMakeFiles/glslang.dir/Debug/HLSL/hlslParseables.cpp.o
[318/1159] Building CXX object external/glslang/glslang/CMakeFiles/glslang.dir/Debug/__/SPIRV/doc.cpp.o
[319/1159] Building CXX object external/glslang/glslang/CMakeFiles/glslang.dir/Debug/HLSL/hlslScanContext.cpp.o
[320/1159] Linking CXX static library external/slang-rhi/Debug/libslang-rhi-vma.a
[321/1159] Linking CXX static library external/slang-rhi/Debug/libslang-rhi-resources.a
[322/1159] Building CXX object external/glslang/glslang/CMakeFiles/glslang.dir/Debug/__/SPIRV/CInterface/spirv_c_interface.cpp.o
[323/1159] Building CXX object source/core/CMakeFiles/core.dir/Debug/slang-archive-file-system.cpp.o
[324/1159] Building CXX object source/core/CMakeFiles/core.dir/Debug/slang-blob.cpp.o
[325/1159] Building CXX object external/glslang/glslang/CMakeFiles/glslang.dir/Debug/__/SPIRV/disassemble.cpp.o
[326/1159] Building CXX object source/core/CMakeFiles/core.dir/Debug/slang-byte-encode-util.cpp.o
[327/1159] Building CXX object source/core/CMakeFiles/core.dir/Debug/slang-blob-builder.cpp.o
[328/1159] Building CXX object external/glslang/glslang/CMakeFiles/glslang.dir/Debug/__/SPIRV/SpvPostProcess.cpp.o
[329/1159] Building CXX object source/core/CMakeFiles/core.dir/Debug/slang-castable.cpp.o
[330/1159] Building CXX object source/core/CMakeFiles/core.dir/Debug/slang-char-encode.cpp.o
[331/1159] Building CXX object source/core/CMakeFiles/core.dir/Debug/slang-char-util.cpp.o
[332/1159] Building CXX object source/core/CMakeFiles/core.dir/Debug/slang-command-line.cpp.o
[333/1159] Building CXX object source/core/CMakeFiles/core.dir/Debug/slang-deflate-compression-system.cpp.o
[334/1159] Building CXX object source/core/CMakeFiles/core.dir/Debug/slang-crypto.cpp.o
[335/1159] Building CXX object external/glslang/glslang/CMakeFiles/glslang.dir/Debug/HLSL/hlslGrammar.cpp.o
[336/1159] Building CXX object source/core/CMakeFiles/core.dir/Debug/slang-command-options.cpp.o
[337/1159] Building CXX object source/core/CMakeFiles/core.dir/Debug/slang-free-list.cpp.o
[338/1159] Building CXX object source/core/CMakeFiles/core.dir/Debug/slang-command-options-writer.cpp.o
[339/1159] Building CXX object external/glslang/glslang/CMakeFiles/glslang.dir/Debug/__/SPIRV/SpvBuilder.cpp.o
[340/1159] Building CXX object external/glslang/glslang/CMakeFiles/glslang.dir/Debug/__/SPIRV/SpvTools.cpp.o
[341/1159] Building CXX object source/core/CMakeFiles/core.dir/Debug/slang-hex-dump-util.cpp.o
[342/1159] Building CXX object source/core/CMakeFiles/core.dir/Debug/slang-internally-linked-list.cpp.o
[343/1159] Building CXX object source/core/CMakeFiles/core.dir/Debug/slang-implicit-directory-collector.cpp.o
[344/1159] Building CXX object source/core/CMakeFiles/core.dir/Debug/slang-memory-arena.cpp.o
[345/1159] Building CXX object source/core/CMakeFiles/core.dir/Debug/slang-http.cpp.o
[346/1159] Building CXX object source/core/CMakeFiles/core.dir/Debug/slang-file-system.cpp.o
[347/1159] Building CXX object source/core/CMakeFiles/core.dir/Debug/slang-lz4-compression-system.cpp.o
[348/1159] Building CXX object source/core/CMakeFiles/core.dir/Debug/slang-offset-container.cpp.o
[349/1159] Building CXX object source/core/CMakeFiles/core.dir/Debug/slang-name-value.cpp.o
[350/1159] Building CXX object source/core/CMakeFiles/core.dir/Debug/slang-persistent-cache.cpp.o
[351/1159] Building CXX object source/core/CMakeFiles/core.dir/Debug/slang-process-util.cpp.o
[352/1159] Building CXX object source/core/CMakeFiles/core.dir/Debug/slang-platform.cpp.o
[353/1159] Building CXX object source/core/CMakeFiles/core.dir/Debug/slang-performance-profiler.cpp.o
[354/1159] Building CXX object source/core/CMakeFiles/core.dir/Debug/slang-random-generator.cpp.o
[355/1159] Building CXX object source/core/CMakeFiles/core.dir/Debug/slang-io.cpp.o
[356/1159] Building CXX object source/core/CMakeFiles/core.dir/Debug/slang-memory-file-system.cpp.o
[357/1159] Building CXX object source/core/CMakeFiles/core.dir/Debug/slang-relative-ptr.cpp.o
[358/1159] Building CXX object source/core/CMakeFiles/core.dir/Debug/slang-render-api-util.cpp.o
[359/1159] Building CXX object source/core/CMakeFiles/core.dir/Debug/slang-rtti-util.cpp.o
[360/1159] Building CXX object source/core/CMakeFiles/core.dir/Debug/slang-semantic-version.cpp.o
[361/1159] Building CXX object source/core/CMakeFiles/core.dir/Debug/slang-shared-library.cpp.o
[362/1159] Building CXX object source/core/CMakeFiles/core.dir/Debug/slang-riff.cpp.o
[363/1159] Building CXX object source/core/CMakeFiles/core.dir/Debug/slang-signal.cpp.o
[364/1159] Building CXX object source/core/CMakeFiles/core.dir/Debug/slang-string-slice-index-map.cpp.o
[365/1159] Building CXX object source/core/CMakeFiles/core.dir/Debug/slang-riff-file-system.cpp.o
[366/1159] Building CXX object source/core/CMakeFiles/core.dir/Debug/slang-std-writers.cpp.o
[367/1159] Building CXX object source/core/CMakeFiles/core.dir/Debug/slang-rtti-info.cpp.o
[368/1159] Building CXX object source/core/CMakeFiles/core.dir/Debug/slang-string-escape-util.cpp.o
[369/1159] Building CXX object source/core/CMakeFiles/core.dir/Debug/slang-test-tool-util.cpp.o
[370/1159] Building CXX object source/core/CMakeFiles/core.dir/Debug/slang-string-util.cpp.o
[371/1159] Building CXX object source/core/CMakeFiles/core.dir/Debug/slang-string.cpp.o
[372/1159] Building CXX object source/core/CMakeFiles/core.dir/Debug/slang-token-reader.cpp.o
[373/1159] Building CXX object source/core/CMakeFiles/core.dir/Debug/slang-string-slice-pool.cpp.o
[374/1159] Building CXX object source/core/CMakeFiles/core.dir/Debug/slang-stream.cpp.o
[375/1159] Building CXX object source/core/CMakeFiles/core.dir/Debug/slang-type-convert-util.cpp.o
[376/1159] Building CXX object source/core/CMakeFiles/core.dir/Debug/slang-text-io.cpp.o
[377/1159] Building CXX object source/core/CMakeFiles/core.dir/Debug/slang-uint-set.cpp.o
[378/1159] Building CXX object source/core/CMakeFiles/core.dir/Debug/slang-type-text-util.cpp.o
[379/1159] Building CXX object source/slang-rt/CMakeFiles/slang-rt.dir/Debug/__/core/slang-byte-encode-util.cpp.o
[380/1159] Building CXX object source/core/CMakeFiles/core.dir/Debug/slang-writer.cpp.o
[381/1159] Building CXX object source/core/CMakeFiles/core.dir/Debug/unix/slang-unix-process.cpp.o
[382/1159] Building CXX object source/core/CMakeFiles/core.dir/Debug/slang-zip-file-system.cpp.o
[383/1159] Building CXX object external/glslang/glslang/CMakeFiles/glslang.dir/Debug/HLSL/hlslParseHelper.cpp.o
[384/1159] Linking CXX static library Debug/lib/libcore.a
[385/1159] Building CXX object source/slang-rt/CMakeFiles/slang-rt.dir/Debug/__/core/slang-blob.cpp.o
[386/1159] Building CXX object source/slang-rt/CMakeFiles/slang-rt.dir/Debug/__/core/slang-castable.cpp.o
[387/1159] Building CXX object source/slang-rt/CMakeFiles/slang-rt.dir/Debug/__/core/slang-char-encode.cpp.o
[388/1159] Building CXX object source/slang-rt/CMakeFiles/slang-rt.dir/Debug/__/core/slang-char-util.cpp.o
[389/1159] Building CXX object source/slang-rt/CMakeFiles/slang-rt.dir/Debug/__/core/slang-free-list.cpp.o
[390/1159] Building CXX object source/slang-rt/CMakeFiles/slang-rt.dir/Debug/__/core/slang-command-line.cpp.o
[391/1159] Building CXX object external/glslang/glslang/CMakeFiles/glslang.dir/Debug/__/SPIRV/GlslangToSpv.cpp.o
[392/1159] Building CXX object source/slang-rt/CMakeFiles/slang-rt.dir/Debug/__/core/slang-command-options-writer.cpp.o
[393/1159] Building CXX object source/slang-rt/CMakeFiles/slang-rt.dir/Debug/__/core/slang-crypto.cpp.o
[394/1159] Building CXX object source/slang-rt/CMakeFiles/slang-rt.dir/Debug/__/core/slang-file-system.cpp.o
[395/1159] Building CXX object source/slang-rt/CMakeFiles/slang-rt.dir/Debug/__/core/slang-hex-dump-util.cpp.o
[396/1159] Building CXX object source/slang-rt/CMakeFiles/slang-rt.dir/Debug/__/core/slang-deflate-compression-system.cpp.o
[397/1159] Building CXX object source/slang-rt/CMakeFiles/slang-rt.dir/Debug/__/core/slang-http.cpp.o
[398/1159] Building CXX object source/slang-rt/CMakeFiles/slang-rt.dir/Debug/__/core/slang-implicit-directory-collector.cpp.o
[399/1159] Building CXX object source/slang-rt/CMakeFiles/slang-rt.dir/Debug/__/core/slang-memory-arena.cpp.o
[400/1159] Building CXX object source/slang-rt/CMakeFiles/slang-rt.dir/Debug/__/core/slang-command-options.cpp.o
[401/1159] Linking CXX static library external/glslang/glslang/Debug/libglslang.a
[402/1159] Building CXX object source/slang-rt/CMakeFiles/slang-rt.dir/Debug/__/core/slang-internally-linked-list.cpp.o
[403/1159] Building CXX object source/slang-rt/CMakeFiles/slang-rt.dir/Debug/__/core/slang-name-value.cpp.o
[404/1159] Building CXX object source/slang-rt/CMakeFiles/slang-rt.dir/Debug/__/core/slang-lz4-compression-system.cpp.o
[405/1159] Building CXX object source/slang-rt/CMakeFiles/slang-rt.dir/Debug/__/core/slang-performance-profiler.cpp.o
[406/1159] Building CXX object source/slang-rt/CMakeFiles/slang-rt.dir/Debug/__/core/slang-persistent-cache.cpp.o
[407/1159] Building CXX object source/slang-rt/CMakeFiles/slang-rt.dir/Debug/__/core/slang-offset-container.cpp.o
[408/1159] Building CXX object source/slang-rt/CMakeFiles/slang-rt.dir/Debug/__/core/slang-memory-file-system.cpp.o
[409/1159] Building CXX object source/slang-rt/CMakeFiles/slang-rt.dir/Debug/__/core/slang-process-util.cpp.o
[410/1159] Building CXX object source/slang-rt/CMakeFiles/slang-rt.dir/Debug/__/core/slang-io.cpp.o
[411/1159] Building CXX object source/slang-rt/CMakeFiles/slang-rt.dir/Debug/__/core/slang-platform.cpp.o
[412/1159] Building CXX object source/slang-rt/CMakeFiles/slang-rt.dir/Debug/__/core/slang-random-generator.cpp.o
[413/1159] Building CXX object source/slang-rt/CMakeFiles/slang-rt.dir/Debug/__/core/slang-relative-ptr.cpp.o
[414/1159] Building CXX object source/slang-rt/CMakeFiles/slang-rt.dir/Debug/__/core/slang-rtti-info.cpp.o
[415/1159] Building CXX object source/slang-rt/CMakeFiles/slang-rt.dir/Debug/__/core/slang-render-api-util.cpp.o
[416/1159] Building CXX object source/slang-rt/CMakeFiles/slang-rt.dir/Debug/__/core/slang-rtti-util.cpp.o
[417/1159] Building CXX object source/slang-rt/CMakeFiles/slang-rt.dir/Debug/__/core/slang-riff.cpp.o
[418/1159] Building CXX object source/slang-rt/CMakeFiles/slang-rt.dir/Debug/__/core/slang-semantic-version.cpp.o
[419/1159] Building CXX object source/slang-rt/CMakeFiles/slang-rt.dir/Debug/__/core/slang-riff-file-system.cpp.o
[420/1159] Building CXX object source/slang-rt/CMakeFiles/slang-rt.dir/Debug/__/core/slang-signal.cpp.o
[421/1159] Building CXX object source/slang-rt/CMakeFiles/slang-rt.dir/Debug/__/core/slang-std-writers.cpp.o
[422/1159] Building CXX object source/slang-rt/CMakeFiles/slang-rt.dir/Debug/__/core/slang-shared-library.cpp.o
[423/1159] Building CXX object source/slang-rt/CMakeFiles/slang-rt.dir/Debug/__/core/slang-stream.cpp.o
[424/1159] Building CXX object source/slang-rt/CMakeFiles/slang-rt.dir/Debug/__/core/slang-type-convert-util.cpp.o
[425/1159] Building CXX object source/slang-rt/CMakeFiles/slang-rt.dir/Debug/__/core/slang-string-escape-util.cpp.o
[426/1159] Building CXX object source/slang-rt/CMakeFiles/slang-rt.dir/Debug/__/core/slang-string-slice-index-map.cpp.o
[427/1159] Building CXX object source/slang-rt/CMakeFiles/slang-rt.dir/Debug/__/core/slang-test-tool-util.cpp.o
[428/1159] Building CXX object source/slang-rt/CMakeFiles/slang-rt.dir/Debug/__/core/slang-text-io.cpp.o
[429/1159] Building CXX object source/slang-rt/CMakeFiles/slang-rt.dir/Debug/__/core/slang-string-util.cpp.o
[430/1159] Building CXX object source/slang-rt/CMakeFiles/slang-rt.dir/Debug/__/core/slang-string.cpp.o
[431/1159] Building CXX object source/slang-rt/CMakeFiles/slang-rt.dir/Debug/__/core/slang-token-reader.cpp.o
[432/1159] Building CXX object source/slang-rt/CMakeFiles/slang-rt.dir/Debug/__/core/slang-string-slice-pool.cpp.o
[433/1159] Building CXX object source/slang-rt/CMakeFiles/slang-rt.dir/Debug/__/core/slang-type-text-util.cpp.o
[434/1159] Building CXX object source/slang-rt/CMakeFiles/slang-rt.dir/Debug/__/core/slang-uint-set.cpp.o
[435/1159] Building CXX object source/slang-rt/CMakeFiles/slang-rt.dir/Debug/__/core/slang-writer.cpp.o
[436/1159] Building CXX object source/slang-rt/CMakeFiles/slang-rt.dir/Debug/__/core/slang-zip-file-system.cpp.o
[437/1159] Building CXX object source/slang-rt/CMakeFiles/slang-rt.dir/Debug/__/core/unix/slang-unix-process.cpp.o
[438/1159] Linking CXX shared library Debug/lib/libslang-rt.so.0.2026.12
[439/1159] Creating library symlink Debug/lib/libslang-rt.so
[440/1159] Building CXX object source/slang-glslang/CMakeFiles/slang-glslang.dir/Debug/slang-glslang.cpp.o
[441/1159] Building CXX object tools/CMakeFiles/slang-generate.dir/Debug/slang-generate/main.cpp.o
[442/1159] Building CXX object source/compiler-core/CMakeFiles/compiler-core.dir/Debug/slang-dxc-compiler.cpp.o
[443/1159] Linking CXX executable generators/Debug/bin/slang-generate
[444/1159] Building CXX object tools/CMakeFiles/slang-embed.dir/Debug/slang-embed/slang-embed.cpp.o
[445/1159] Linking CXX executable generators/Debug/bin/slang-embed
[446/1159] cd /workspace/agent/wt-slang-9999 && /usr/bin/cmake -E make_directory /workspace/agent/wt-slang-9999/build/Debug/bin && /usr/bin/cmake -E copy /workspace/agent/wt-slang-9999/tools/gfx/gfx.slang /workspace/agent/wt-slang-9999/build/Debug/bin/gfx.slang && /usr/bin/cmake -E copy /workspace/agent/wt-slang-9999/tools/gfx/slang.slang /workspace/agent/wt-slang-9999/build/Debug/bin/slang.slang
[447/1159] Generating slang-cpp-host-prelude.h.cpp
[448/1159] Generating slang-cpp-prelude.h.cpp
[449/1159] Generating slang-cuda-prelude.h.cpp
[450/1159] Generating slang-hlsl-prelude.h.cpp
[451/1159] Generating slang-torch-prelude.h.cpp
[452/1159] Building CXX object tools/CMakeFiles/unit-test.dir/Debug/unit-test/slang-unit-test.cpp.o
[453/1159] Building CXX object tools/CMakeFiles/test-process.dir/Debug/test-process/test-process-main.cpp.o
[454/1159] Building CXX object source/compiler-core/CMakeFiles/compiler-core.dir/Debug/cmake_pch.hxx.gch
[455/1159] Building CXX object tools/CMakeFiles/slang-fiddle.dir/Debug/cmake_pch.hxx.gch
[456/1159] Building CXX object prelude/CMakeFiles/prelude.dir/Debug/slang-cpp-prelude.h.cpp.o
[457/1159] Building CXX object prelude/CMakeFiles/prelude.dir/Debug/slang-cpp-host-prelude.h.cpp.o
[458/1159] Building CXX object source/compiler-core/CMakeFiles/compiler-core.dir/Debug/slang-artifact-diagnostic-util.cpp.o
[459/1159] Building CXX object tools/CMakeFiles/slang-capability-generator.dir/Debug/cmake_pch.hxx.gch
[460/1159] Building CXX object source/compiler-core/CMakeFiles/compiler-core.dir/Debug/slang-artifact-associated-impl.cpp.o
[461/1159] Building CXX object source/compiler-core/CMakeFiles/compiler-core.dir/Debug/slang-artifact-desc-util.cpp.o
[462/1159] Building CXX object tools/CMakeFiles/slang-lookup-generator.dir/Debug/cmake_pch.hxx.gch
[463/1159] Building CXX object source/compiler-core/CMakeFiles/compiler-core.dir/Debug/slang-artifact-helper.cpp.o
[464/1159] Building CXX object source/compiler-core/CMakeFiles/compiler-core.dir/Debug/slang-artifact-container-util.cpp.o
[465/1159] Building CXX object source/compiler-core/CMakeFiles/compiler-core.dir/Debug/slang-artifact-impl.cpp.o
[466/1159] Building CXX object source/compiler-core/CMakeFiles/compiler-core.dir/Debug/slang-artifact-util.cpp.o
[467/1159] Building CXX object source/compiler-core/CMakeFiles/compiler-core.dir/Debug/slang-artifact-representation-impl.cpp.o
[468/1159] Building CXX object prelude/CMakeFiles/prelude.dir/Debug/slang-cuda-prelude.h.cpp.o
[469/1159] Building CXX object tools/CMakeFiles/slang-spirv-embed-generator.dir/Debug/cmake_pch.hxx.gch
[470/1159] Building CXX object source/compiler-core/CMakeFiles/compiler-core.dir/Debug/slang-artifact-handler-impl.cpp.o
[471/1159] Building CXX object source/compiler-core/CMakeFiles/compiler-core.dir/Debug/slang-core-diagnostics.cpp.o
[472/1159] Building CXX object source/compiler-core/CMakeFiles/compiler-core.dir/Debug/slang-downstream-compiler-set.cpp.o
[473/1159] Building CXX object source/compiler-core/CMakeFiles/compiler-core.dir/Debug/slang-command-line-args.cpp.o
[474/1159] Building CXX object source/compiler-core/CMakeFiles/compiler-core.dir/Debug/slang-fxc-compiler.cpp.o
[475/1159] Building CXX object source/compiler-core/CMakeFiles/compiler-core.dir/Debug/slang-downstream-compiler-util.cpp.o
[476/1159] Building CXX object source/compiler-core/CMakeFiles/compiler-core.dir/Debug/slang-downstream-compiler.cpp.o
[477/1159] Building CXX object source/compiler-core/CMakeFiles/compiler-core.dir/Debug/slang-diagnostic-sink.cpp.o
[478/1159] Building CXX object source/compiler-core/CMakeFiles/compiler-core.dir/Debug/slang-doc-extractor.cpp.o
[479/1159] Building CXX object source/compiler-core/CMakeFiles/compiler-core.dir/Debug/slang-json-diagnostics.cpp.o
[480/1159] Building CXX object source/compiler-core/CMakeFiles/compiler-core.dir/Debug/slang-include-system.cpp.o
[481/1159] Building CXX object source/compiler-core/CMakeFiles/compiler-core.dir/Debug/slang-glslang-compiler.cpp.o
[482/1159] Building CXX object source/compiler-core/CMakeFiles/compiler-core.dir/Debug/slang-gcc-compiler-util.cpp.o
[483/1159] Building CXX object source/compiler-core/CMakeFiles/compiler-core.dir/Debug/slang-json-lexer.cpp.o
[484/1159] Building CXX object source/compiler-core/CMakeFiles/compiler-core.dir/Debug/slang-json-parser.cpp.o
[485/1159] Building CXX object source/compiler-core/CMakeFiles/compiler-core.dir/Debug/slang-json-native.cpp.o
[486/1159] Building CXX object source/compiler-core/CMakeFiles/compiler-core.dir/Debug/slang-llvm-compiler.cpp.o
[487/1159] Building CXX object source/compiler-core/CMakeFiles/compiler-core.dir/Debug/slang-metal-compiler.cpp.o
[488/1159] Building CXX object source/compiler-core/CMakeFiles/compiler-core.dir/Debug/slang-json-rpc.cpp.o
[489/1159] Building CXX object source/compiler-core/CMakeFiles/compiler-core.dir/Debug/slang-name-convention-util.cpp.o
[490/1159] Building CXX object source/compiler-core/CMakeFiles/compiler-core.dir/Debug/slang-json-value.cpp.o
[491/1159] Building CXX object source/compiler-core/CMakeFiles/compiler-core.dir/Debug/slang-json-rpc-connection.cpp.o
[492/1159] Building CXX object source/compiler-core/CMakeFiles/compiler-core.dir/Debug/slang-language-server-protocol.cpp.o
[493/1159] Building CXX object source/compiler-core/CMakeFiles/compiler-core.dir/Debug/slang-json-source-map-util.cpp.o
[494/1159] Building CXX object source/compiler-core/CMakeFiles/compiler-core.dir/Debug/slang-name.cpp.o
[495/1159] Building CXX object source/compiler-core/CMakeFiles/compiler-core.dir/Debug/slang-pretty-writer.cpp.o
[496/1159] Building CXX object source/compiler-core/CMakeFiles/compiler-core.dir/Debug/slang-perfect-hash-codegen.cpp.o
[497/1159] Building CXX object source/compiler-core/CMakeFiles/compiler-core.dir/Debug/slang-lexer.cpp.o
[498/1159] Building CXX object source/compiler-core/CMakeFiles/compiler-core.dir/Debug/slang-slice-allocator.cpp.o
[499/1159] Building CXX object source/compiler-core/CMakeFiles/compiler-core.dir/Debug/slang-perfect-hash.cpp.o
[500/1159] Building CXX object source/compiler-core/CMakeFiles/compiler-core.dir/Debug/slang-nvrtc-compiler.cpp.o
[501/1159] Building CXX object source/compiler-core/CMakeFiles/compiler-core.dir/Debug/slang-source-map.cpp.o
[502/1159] Building CXX object source/compiler-core/CMakeFiles/compiler-core.dir/Debug/slang-source-embed-util.cpp.o
[503/1159] Building CXX object source/compiler-core/CMakeFiles/compiler-core.dir/Debug/slang-tint-compiler.cpp.o
[504/1159] Building CXX object source/compiler-core/CMakeFiles/compiler-core.dir/Debug/slang-test-server-protocol.cpp.o
[505/1159] Building CXX object source/compiler-core/CMakeFiles/compiler-core.dir/Debug/slang-token.cpp.o
[506/1159] Building CXX object source/compiler-core/CMakeFiles/compiler-core.dir/Debug/slang-source-loc.cpp.o
[507/1159] Building CXX object source/compiler-core/CMakeFiles/compiler-core.dir/Debug/slang-visual-studio-compiler-util.cpp.o
[508/1159] Building CXX object tools/CMakeFiles/slang-fiddle.dir/Debug/slang-fiddle/slang-fiddle-diagnostics.cpp.o
[509/1159] Building CXX object source/compiler-core/CMakeFiles/compiler-core.dir/Debug/slang-rich-diagnostics-render.cpp.o
[510/1159] Building CXX object tools/CMakeFiles/slang-fiddle.dir/Debug/slang-fiddle/slang-fiddle-options.cpp.o
[511/1159] Building CXX object tools/CMakeFiles/slang-fiddle.dir/Debug/slang-fiddle/slang-fiddle-main.cpp.o
[512/1159] Building CXX object tools/CMakeFiles/slang-fiddle.dir/Debug/slang-fiddle/slang-fiddle-template.cpp.o
[513/1159] Building CXX object tools/CMakeFiles/slang-fiddle.dir/Debug/slang-fiddle/slang-fiddle-script.cpp.o
[514/1159] Building CXX object tools/CMakeFiles/slang-lookup-generator.dir/Debug/slang-lookup-generator/lookup-generator-main.cpp.o
[515/1159] Building CXX object source/compiler-core/CMakeFiles/compiler-core.dir/Debug/slang-spirv-core-grammar.cpp.o
[516/1159] Building CXX object tools/CMakeFiles/slang-fiddle.dir/Debug/slang-fiddle/slang-fiddle-lua.cpp.o
[517/1159] Linking CXX static library Debug/lib/libcompiler-core.a
[518/1159] Building CXX object tools/CMakeFiles/slang-fiddle.dir/Debug/slang-fiddle/slang-fiddle-scrape.cpp.o
[519/1159] cd /workspace/agent/wt-slang-9999/build/source/slang && /usr/bin/cmake -E make_directory /workspace/agent/wt-slang-9999/build/Debug/include && /usr/bin/cmake -E copy_directory /workspace/agent/wt-slang-9999/include /workspace/agent/wt-slang-9999/build/Debug/include && /usr/bin/cmake -E copy /workspace/agent/wt-slang-9999/build/source/slang/slang-version-header/slang-tag-version.h /workspace/agent/wt-slang-9999/build/Debug/include/slang-tag-version.h
[520/1159] Linking CXX executable Debug/bin/test-process
[521/1159] Building CXX object prelude/CMakeFiles/prelude.dir/Debug/slang-hlsl-prelude.h.cpp.o
[522/1159] Linking CXX executable generators/Debug/bin/slang-lookup-generator
[523/1159] Linking CXX executable generators/Debug/bin/slang-fiddle
[524/1159] Building CXX object prelude/CMakeFiles/prelude.dir/Debug/slang-torch-prelude.h.cpp.o
[525/1159] Building CXX object source/slang-core-module/CMakeFiles/slang-no-embedded-core-module.dir/Debug/slang-embedded-core-module.cpp.o
[526/1159] Building CXX object tools/CMakeFiles/slang-capability-generator.dir/Debug/slang-capability-generator/capability-generator-main.cpp.o
[527/1159] Building CXX object tools/CMakeFiles/slang-spirv-embed-generator.dir/Debug/slang-spirv-embed-generator/spirv-embed-generator-main.cpp.o
[528/1159] Linking CXX executable generators/Debug/bin/slang-capability-generator
[529/1159] Generating capability/slang-generated-capability-defs.h, capability/slang-generated-capability-defs-impl.h, capability/slang-lookup-capability-defs.cpp
[530/1159] Linking CXX executable generators/Debug/bin/slang-spirv-embed-generator
[531/1159] Generating slang-lookup-tables/slang-lookup-GLSLstd450.cpp
[532/1159] Generating slang-lookup-tables/slang-spirv-core-grammar-embed.cpp
[533/1159] Building CXX object source/slang/CMakeFiles/slang-lookup-tables.dir/Debug/slang-lookup-tables/slang-lookup-GLSLstd450.cpp.o
[534/1159] Building CXX object source/slang/CMakeFiles/slang-capability-lookup.dir/Debug/capability/slang-lookup-capability-defs.cpp.o
[535/1159] Generating fiddle/.fiddle.stamp
[536/1159] Generating core-module-meta/core.meta.slang.h, core-module-meta/diff.meta.slang.h, core-module-meta/glsl.meta.slang.h, core-module-meta/hlsl.meta.slang.h
[537/1159] Linking CXX shared module Debug/lib/libslang-glslang-2026.12.so
[538/1159] Building CXX object source/slang/CMakeFiles/slang-lookup-tables.dir/Debug/slang-lookup-tables/slang-spirv-core-grammar-embed.cpp.o
[539/1159] Building CXX object tools/CMakeFiles/slang-bootstrap.dir/Debug/__/source/slangc/main.cpp.o
[540/1159] Building CXX object source/slang/CMakeFiles/slang-common-objects.dir/Debug/cmake_pch.hxx.gch
[541/1159] Building CXX object source/slang/CMakeFiles/slang-common-objects.dir/Debug/slang-rich-diagnostics.cpp.o
[542/1159] Building CXX object source/slang/CMakeFiles/slang-common-objects.dir/Debug/slang-artifact-output-util.cpp.o
[543/1159] Building CXX object source/slang-core-module/CMakeFiles/slang-embedded-core-module-source.dir/Debug/slang-embedded-core-module-source.cpp.o
[544/1159] Building CXX object source/slang/CMakeFiles/slang-common-objects.dir/Debug/slang-ast-decl.cpp.o
[545/1159] Building CXX object source/slang/CMakeFiles/slang-common-objects.dir/Debug/slang-ast-base.cpp.o
[546/1159] Building CXX object source/slang/CMakeFiles/slang-common-objects.dir/Debug/slang-api.cpp.o
[547/1159] Building CXX object source/slang/CMakeFiles/slang-common-objects.dir/Debug/slang-ast-decl-ref.cpp.o
[548/1159] Building CXX object source/slang/CMakeFiles/slang-common-objects.dir/Debug/slang-ast-builder.cpp.o
[549/1159] Building CXX object source/slang/CMakeFiles/slang-common-objects.dir/Debug/slang-ast-modifier.cpp.o
[550/1159] Building CXX object source/slang/CMakeFiles/slang-common-objects.dir/Debug/slang-ast-natural-layout.cpp.o
[551/1159] Building CXX object source/slang/CMakeFiles/slang-common-objects.dir/Debug/slang-ast-support-types.cpp.o
[552/1159] Building CXX object source/slang/CMakeFiles/slang-common-objects.dir/Debug/slang-ast-print.cpp.o
[553/1159] Building CXX object source/slang/CMakeFiles/slang-common-objects.dir/Debug/slang-ast-dump.cpp.o
[554/1159] Building CXX object source/slang/CMakeFiles/slang-common-objects.dir/Debug/slang-ast-synthesis.cpp.o
[555/1159] Building CXX object source/slang/CMakeFiles/slang-common-objects.dir/Debug/slang-base-type-info.cpp.o
[556/1159] Building CXX object source/slang/CMakeFiles/slang-common-objects.dir/Debug/slang-ast-type.cpp.o
[557/1159] Building CXX object source/slang/CMakeFiles/slang-common-objects.dir/Debug/slang-check-conformance.cpp.o
[558/1159] Building CXX object source/slang/CMakeFiles/slang-common-objects.dir/Debug/slang-ast-val.cpp.o
[559/1159] Building CXX object source/slang/CMakeFiles/slang-common-objects.dir/Debug/slang-ast-boilerplate.cpp.o
[560/1159] Building CXX object source/slang/CMakeFiles/slang-common-objects.dir/Debug/slang-capability.cpp.o
[561/1159] Building CXX object source/slang/CMakeFiles/slang-common-objects.dir/Debug/slang-check-constraint.cpp.o
[562/1159] Building CXX object source/slang/CMakeFiles/slang-common-objects.dir/Debug/slang-check-conversion.cpp.o
[563/1159] Building CXX object source/slang/CMakeFiles/slang-common-objects.dir/Debug/slang-check-out-of-bound-access.cpp.o
[564/1159] Building CXX object source/slang/CMakeFiles/slang-common-objects.dir/Debug/slang-check-inheritance.cpp.o
[565/1159] Building CXX object source/slang/CMakeFiles/slang-common-objects.dir/Debug/slang-check-resolve-val.cpp.o
[566/1159] Building CXX object source/slang/CMakeFiles/slang-common-objects.dir/Debug/slang-check-modifier.cpp.o
[567/1159] Building CXX object source/slang/CMakeFiles/slang-common-objects.dir/Debug/slang-check-type.cpp.o
[568/1159] Building CXX object source/slang/CMakeFiles/slang-common-objects.dir/Debug/slang-check-overload.cpp.o
[569/1159] Building CXX object source/slang/CMakeFiles/slang-common-objects.dir/Debug/slang-check-expr.cpp.o
[570/1159] Building CXX object source/slang/CMakeFiles/slang-common-objects.dir/Debug/slang-check.cpp.o
[571/1159] Building CXX object source/slang/CMakeFiles/slang-common-objects.dir/Debug/slang-code-gen.cpp.o
[572/1159] Building CXX object source/slang/CMakeFiles/slang-common-objects.dir/Debug/slang-check-stmt.cpp.o
[573/1159] Building CXX object source/slang/CMakeFiles/slang-common-objects.dir/Debug/slang-compiler-options.cpp.o
[574/1159] Building CXX object source/slang/CMakeFiles/slang-common-objects.dir/Debug/slang-compiler-api.cpp.o
[575/1159] Building CXX object source/slang/CMakeFiles/slang-common-objects.dir/Debug/slang-check-shader.cpp.o
[576/1159] Building CXX object source/slang/CMakeFiles/slang-common-objects.dir/Debug/slang-compiler.cpp.o
[577/1159] Building CXX object source/slang/CMakeFiles/slang-common-objects.dir/Debug/slang-core-module-textures.cpp.o
[578/1159] Building CXX object source/slang/CMakeFiles/slang-common-objects.dir/Debug/slang-core-module.cpp.o
